
2017-11-30 20:26:15,256 - __main__ - INFO - Program Started
2017-11-30 20:26:21,512 - __main__ - INFO - Login
2017-11-30 20:26:29,595 - __main__ - INFO - Login Successful rahulsunil2
2017-11-30 20:26:33,306 - __main__ - INFO - Program Started
2017-11-30 20:26:33,306 - __main__ - INFO - Program Started
2017-11-30 20:46:40,859 - __main__ - INFO - Program Started
2017-11-30 20:47:53,270 - __main__ - INFO - Program Started
2017-11-30 20:48:13,311 - __main__ - INFO - New Account
2017-11-30 21:07:26,553 - __main__ - INFO - Program Started
2017-11-30 21:09:29,131 - __main__ - INFO - Program Started
2017-11-30 21:10:06,757 - __main__ - INFO - New Account
2017-11-30 21:12:39,852 - __main__ - INFO - Program Started
2017-11-30 21:12:46,586 - __main__ - INFO - New Account
2017-11-30 21:16:30,131 - __main__ - INFO - Program Started
2017-11-30 21:16:30,131 - __main__ - INFO - Program Started
2017-11-30 22:16:10,308 - __main__ - INFO - Program Started
2017-11-30 22:16:17,598 - __main__ - INFO - New Account
2017-11-30 22:17:42,947 - __main__ - INFO - Program Started
2017-11-30 22:17:42,947 - __main__ - INFO - Program Started
2017-11-30 22:19:47,308 - __main__ - INFO - Program Started
2017-11-30 22:19:47,308 - __main__ - INFO - Program Started
2017-11-30 22:19:47,308 - __main__ - INFO - Program Started
2018-01-15 21:50:50,207 - __main__ - INFO - Program Started
2018-01-15 21:50:50,312 - __main__ - INFO - Email Logging 1
2018-01-15 21:51:54,700 - __main__ - INFO - New Account
2018-01-15 22:01:16,239 - __main__ - INFO - Program Started
2018-01-15 22:01:16,239 - __main__ - INFO - Program Started
2018-01-15 22:01:16,239 - __main__ - INFO - Email Logging 1
2018-01-15 22:01:16,239 - __main__ - INFO - Email Logging 1
2018-01-15 22:01:23,470 - __main__ - INFO - Program Started
2018-01-15 22:01:23,470 - __main__ - INFO - Program Started
2018-01-15 22:01:23,470 - __main__ - INFO - Program Started
2018-01-15 22:01:23,470 - __main__ - INFO - Email Logging 1
2018-01-15 22:01:23,470 - __main__ - INFO - Email Logging 1
2018-01-15 22:01:23,470 - __main__ - INFO - Email Logging 1
2018-01-15 22:01:36,003 - __main__ - INFO - New Account
2018-01-15 22:01:36,003 - __main__ - INFO - New Account
2018-01-15 22:01:36,003 - __main__ - INFO - New Account
2018-01-15 22:04:12,424 - __main__ - INFO - Program Started
2018-01-15 22:04:12,740 - __main__ - INFO - Email Logging 1
2018-01-15 22:04:36,582 - __main__ - INFO - Login
2018-01-15 22:04:59,032 - __main__ - INFO - Login Successful rahulsunil2
2018-01-15 22:08:13,680 - __main__ - INFO - Program Started
2018-01-15 22:08:13,680 - __main__ - INFO - Program Started
2018-01-15 22:08:13,680 - __main__ - INFO - Email Logging 1
2018-01-15 22:08:13,680 - __main__ - INFO - Email Logging 1
2018-01-15 22:10:08,516 - __main__ - INFO - Program Started
2018-01-15 22:10:08,516 - __main__ - INFO - Program Started
2018-01-15 22:10:08,516 - __main__ - INFO - Program Started
2018-01-15 22:10:08,516 - __main__ - INFO - Email Logging 1
2018-01-15 22:10:08,516 - __main__ - INFO - Email Logging 1
2018-01-15 22:10:08,516 - __main__ - INFO - Email Logging 1
2018-01-15 22:11:49,499 - __main__ - INFO - Program Started
2018-01-15 22:11:49,499 - __main__ - INFO - Program Started
2018-01-15 22:11:49,499 - __main__ - INFO - Program Started
2018-01-15 22:11:49,499 - __main__ - INFO - Program Started
2018-01-15 22:11:49,499 - __main__ - INFO - Email Logging 1
2018-01-15 22:11:49,499 - __main__ - INFO - Email Logging 1
2018-01-15 22:11:49,499 - __main__ - INFO - Email Logging 1
2018-01-15 22:11:49,499 - __main__ - INFO - Email Logging 1
2018-01-15 22:12:19,809 - __main__ - INFO - Program Started
2018-01-15 22:12:19,809 - __main__ - INFO - Program Started
2018-01-15 22:12:19,809 - __main__ - INFO - Program Started
2018-01-15 22:12:19,809 - __main__ - INFO - Program Started
2018-01-15 22:12:19,809 - __main__ - INFO - Program Started
2018-01-15 22:12:19,809 - __main__ - INFO - Email Logging 1
2018-01-15 22:12:19,809 - __main__ - INFO - Email Logging 1
2018-01-15 22:12:19,809 - __main__ - INFO - Email Logging 1
2018-01-15 22:12:19,809 - __main__ - INFO - Email Logging 1
2018-01-15 22:12:19,809 - __main__ - INFO - Email Logging 1
2018-01-15 22:12:28,901 - __main__ - INFO - Email Logging 1
2018-01-15 22:12:28,901 - __main__ - INFO - Email Logging 1
2018-01-15 22:12:28,901 - __main__ - INFO - Email Logging 1
2018-01-15 22:12:28,901 - __main__ - INFO - Email Logging 1
2018-01-15 22:12:28,901 - __main__ - INFO - Email Logging 1
2018-01-15 23:28:32,730 - __main__ - INFO - Program Started
2018-01-15 23:28:32,789 - __main__ - INFO - Email Logging 1
2018-01-15 23:29:39,608 - __main__ - INFO - New Account
2018-01-15 23:33:27,213 - __main__ - INFO - Program Started
2018-01-15 23:33:27,213 - __main__ - INFO - Program Started
2018-01-15 23:33:27,213 - __main__ - INFO - Email Logging 1
2018-01-15 23:33:27,213 - __main__ - INFO - Email Logging 1
2018-01-15 23:33:43,865 - __main__ - INFO - Login
2018-01-15 23:33:43,865 - __main__ - INFO - Login
2018-01-15 23:33:54,686 - __main__ - INFO - Login Successful rahulsunil2
2018-01-15 23:33:54,686 - __main__ - INFO - Login Successful rahulsunil2
2018-01-15 23:35:52,776 - __main__ - INFO - Program Started
2018-01-15 23:35:52,776 - __main__ - INFO - Program Started
2018-01-15 23:35:52,776 - __main__ - INFO - Program Started
2018-01-15 23:35:52,778 - __main__ - INFO - Email Logging 1
2018-01-15 23:35:52,778 - __main__ - INFO - Email Logging 1
2018-01-15 23:35:52,778 - __main__ - INFO - Email Logging 1
2018-01-15 23:37:44,865 - __main__ - INFO - Program Started
2018-01-15 23:37:44,865 - __main__ - INFO - Program Started
2018-01-15 23:37:44,865 - __main__ - INFO - Program Started
2018-01-15 23:37:44,865 - __main__ - INFO - Program Started
2018-01-15 23:37:44,865 - __main__ - INFO - Email Logging 1
2018-01-15 23:37:44,865 - __main__ - INFO - Email Logging 1
2018-01-15 23:37:44,865 - __main__ - INFO - Email Logging 1
2018-01-15 23:37:44,865 - __main__ - INFO - Email Logging 1
2018-01-15 23:40:58,848 - __main__ - INFO - Program Started
2018-01-15 23:40:58,848 - __main__ - INFO - Program Started
2018-01-15 23:40:58,848 - __main__ - INFO - Program Started
2018-01-15 23:40:58,848 - __main__ - INFO - Program Started
2018-01-15 23:40:58,848 - __main__ - INFO - Program Started
2018-01-15 23:40:58,848 - __main__ - INFO - Email Logging 1
2018-01-15 23:40:58,848 - __main__ - INFO - Email Logging 1
2018-01-15 23:40:58,848 - __main__ - INFO - Email Logging 1
2018-01-15 23:40:58,848 - __main__ - INFO - Email Logging 1
2018-01-15 23:40:58,848 - __main__ - INFO - Email Logging 1
2018-01-15 23:41:15,459 - __main__ - WARNING - Admin Primary Password Wrong - 117.241.62.138
2018-01-15 23:41:15,459 - __main__ - WARNING - Admin Primary Password Wrong - 117.241.62.138
2018-01-15 23:41:15,459 - __main__ - WARNING - Admin Primary Password Wrong - 117.241.62.138
2018-01-15 23:41:15,459 - __main__ - WARNING - Admin Primary Password Wrong - 117.241.62.138
2018-01-15 23:41:15,459 - __main__ - WARNING - Admin Primary Password Wrong - 117.241.62.138
2018-01-15 23:41:15,467 - __main__ - INFO - Program Started
2018-01-15 23:41:15,467 - __main__ - INFO - Program Started
2018-01-15 23:41:15,467 - __main__ - INFO - Program Started
2018-01-15 23:41:15,467 - __main__ - INFO - Program Started
2018-01-15 23:41:15,467 - __main__ - INFO - Program Started
2018-01-15 23:41:15,467 - __main__ - INFO - Program Started
2018-01-15 23:41:15,467 - __main__ - INFO - Email Logging 1
2018-01-15 23:41:15,467 - __main__ - INFO - Email Logging 1
2018-01-15 23:41:15,467 - __main__ - INFO - Email Logging 1
2018-01-15 23:41:15,467 - __main__ - INFO - Email Logging 1
2018-01-15 23:41:15,467 - __main__ - INFO - Email Logging 1
2018-01-15 23:41:15,467 - __main__ - INFO - Email Logging 1
2018-01-15 23:42:24,273 - __main__ - INFO - Program Started
2018-01-15 23:42:24,273 - __main__ - INFO - Program Started
2018-01-15 23:42:24,273 - __main__ - INFO - Program Started
2018-01-15 23:42:24,273 - __main__ - INFO - Program Started
2018-01-15 23:42:24,273 - __main__ - INFO - Program Started
2018-01-15 23:42:24,273 - __main__ - INFO - Program Started
2018-01-15 23:42:24,273 - __main__ - INFO - Program Started
2018-01-15 23:42:24,273 - __main__ - INFO - Email Logging 1
2018-01-15 23:42:24,273 - __main__ - INFO - Email Logging 1
2018-01-15 23:42:24,273 - __main__ - INFO - Email Logging 1
2018-01-15 23:42:24,273 - __main__ - INFO - Email Logging 1
2018-01-15 23:42:24,273 - __main__ - INFO - Email Logging 1
2018-01-15 23:42:24,273 - __main__ - INFO - Email Logging 1
2018-01-15 23:42:24,273 - __main__ - INFO - Email Logging 1
2018-01-15 23:42:36,964 - __main__ - INFO - Email Logging 1
2018-01-15 23:42:36,964 - __main__ - INFO - Email Logging 1
2018-01-15 23:42:36,964 - __main__ - INFO - Email Logging 1
2018-01-15 23:42:36,964 - __main__ - INFO - Email Logging 1
2018-01-15 23:42:36,964 - __main__ - INFO - Email Logging 1
2018-01-15 23:42:36,964 - __main__ - INFO - Email Logging 1
2018-01-15 23:42:36,964 - __main__ - INFO - Email Logging 1
2018-01-16 09:10:44,092 - __main__ - INFO - Program Started
2018-01-16 09:10:44,246 - __main__ - INFO - Email Logging 1
2018-01-16 20:04:52,657 - __main__ - INFO - Program Started
2018-01-16 20:04:52,766 - __main__ - INFO - Email Logging 1
2018-01-16 20:05:27,555 - __main__ - INFO - New Account
2018-01-16 20:16:35,997 - __main__ - INFO - Program Started
2018-01-16 20:16:35,997 - __main__ - INFO - Program Started
2018-01-16 20:16:35,997 - __main__ - INFO - Email Logging 1
2018-01-16 20:16:35,997 - __main__ - INFO - Email Logging 1
2018-01-16 20:16:47,713 - __main__ - INFO - Login
2018-01-16 20:16:47,713 - __main__ - INFO - Login
2018-01-16 20:16:52,992 - __main__ - INFO - Login Successful aryas
2018-01-16 20:16:52,992 - __main__ - INFO - Login Successful aryas
2018-01-16 20:17:21,927 - __main__ - INFO - Program Started
2018-01-16 20:17:21,984 - __main__ - INFO - Email Logging 1
2018-01-16 20:17:54,420 - __main__ - INFO - Login
2018-01-16 20:17:59,378 - __main__ - INFO - Login Successful aryas
2018-01-16 20:19:26,170 - __main__ - INFO - Program Started
2018-01-16 20:19:26,170 - __main__ - INFO - Program Started
2018-01-16 20:19:26,170 - __main__ - INFO - Email Logging 1
2018-01-16 20:19:26,170 - __main__ - INFO - Email Logging 1
2018-01-16 20:19:36,950 - __main__ - INFO - Email Logging 1
2018-01-16 20:19:36,950 - __main__ - INFO - Email Logging 1
2018-01-16 20:26:21,855 - __main__ - INFO - Program Started
2018-01-16 20:26:21,914 - __main__ - INFO - Email Logging 1
2018-01-16 20:27:17,582 - __main__ - INFO - Login
2018-01-16 20:27:24,164 - __main__ - INFO - Login Successful aryas
2018-01-17 08:19:14,384 - __main__ - INFO - Program Started
2018-01-17 08:19:14,930 - __main__ - INFO - Email Logging 1
2018-01-17 08:19:29,877 - __main__ - INFO - Login
2018-01-17 08:19:36,122 - __main__ - INFO - Login Successful rahulsunil2
2018-01-17 08:20:04,414 - __main__ - INFO - Program Started
2018-01-17 08:20:04,414 - __main__ - INFO - Program Started
2018-01-17 08:20:04,414 - __main__ - INFO - Email Logging 1
2018-01-17 08:20:04,414 - __main__ - INFO - Email Logging 1
2018-01-17 08:20:18,217 - __main__ - INFO - New Account
2018-01-17 08:20:18,217 - __main__ - INFO - New Account
2018-01-17 08:23:32,384 - __main__ - INFO - Program Started
2018-01-17 08:23:32,384 - __main__ - INFO - Program Started
2018-01-17 08:23:32,384 - __main__ - INFO - Program Started
2018-01-17 08:23:32,384 - __main__ - INFO - Email Logging 1
2018-01-17 08:23:32,384 - __main__ - INFO - Email Logging 1
2018-01-17 08:23:32,384 - __main__ - INFO - Email Logging 1
2018-01-17 08:26:04,367 - __main__ - INFO - Email Logging 1
2018-01-17 08:26:04,367 - __main__ - INFO - Email Logging 1
2018-01-17 08:26:04,367 - __main__ - INFO - Email Logging 1
2018-01-29 19:25:57,155 - __main__ - INFO - Program Started
2018-01-29 19:25:57,615 - __main__ - INFO - Email Logging 1
2018-01-29 19:26:40,668 - __main__ - INFO - Email Logging 1
2018-01-29 19:40:20,595 - __main__ - INFO - Program Started
2018-01-29 19:40:20,653 - __main__ - INFO - Email Logging 1
2018-01-29 19:40:53,145 - __main__ - WARNING - Admin Primary Password Wrong - 117.199.5.204
2018-01-29 19:40:53,154 - __main__ - INFO - Program Started
2018-01-29 19:40:53,154 - __main__ - INFO - Program Started
2018-01-29 19:40:53,154 - __main__ - INFO - Email Logging 1
2018-01-29 19:40:53,154 - __main__ - INFO - Email Logging 1
2018-01-29 19:41:09,683 - __main__ - WARNING - Admin SecondaryPassword Wrong - 117.199.5.204
2018-01-29 19:41:09,683 - __main__ - WARNING - Admin SecondaryPassword Wrong - 117.199.5.204
2018-01-29 19:41:09,690 - __main__ - INFO - Program Started
2018-01-29 19:41:09,690 - __main__ - INFO - Program Started
2018-01-29 19:41:09,690 - __main__ - INFO - Program Started
2018-01-29 19:41:09,690 - __main__ - INFO - Email Logging 1
2018-01-29 19:41:09,690 - __main__ - INFO - Email Logging 1
2018-01-29 19:41:09,690 - __main__ - INFO - Email Logging 1
2018-01-29 19:41:30,375 - __main__ - WARNING - Admin Access Wrong - 117.199.5.204
2018-01-29 19:41:30,375 - __main__ - WARNING - Admin Access Wrong - 117.199.5.204
2018-01-29 19:41:30,375 - __main__ - WARNING - Admin Access Wrong - 117.199.5.204
2018-01-29 19:41:30,384 - __main__ - INFO - Program Started
2018-01-29 19:41:30,384 - __main__ - INFO - Program Started
2018-01-29 19:41:30,384 - __main__ - INFO - Program Started
2018-01-29 19:41:30,384 - __main__ - INFO - Program Started
2018-01-29 19:41:30,384 - __main__ - INFO - Email Logging 1
2018-01-29 19:41:30,384 - __main__ - INFO - Email Logging 1
2018-01-29 19:41:30,384 - __main__ - INFO - Email Logging 1
2018-01-29 19:41:30,384 - __main__ - INFO - Email Logging 1
2018-01-29 19:42:32,221 - __main__ - INFO - Program Started
2018-01-29 19:42:32,221 - __main__ - INFO - Program Started
2018-01-29 19:42:32,221 - __main__ - INFO - Program Started
2018-01-29 19:42:32,221 - __main__ - INFO - Program Started
2018-01-29 19:42:32,221 - __main__ - INFO - Program Started
2018-01-29 19:42:32,221 - __main__ - INFO - Email Logging 1
2018-01-29 19:42:32,221 - __main__ - INFO - Email Logging 1
2018-01-29 19:42:32,221 - __main__ - INFO - Email Logging 1
2018-01-29 19:42:32,221 - __main__ - INFO - Email Logging 1
2018-01-29 19:42:32,221 - __main__ - INFO - Email Logging 1
2018-01-29 19:42:42,905 - __main__ - INFO - Email Logging 1
2018-01-29 19:42:42,905 - __main__ - INFO - Email Logging 1
2018-01-29 19:42:42,905 - __main__ - INFO - Email Logging 1
2018-01-29 19:42:42,905 - __main__ - INFO - Email Logging 1
2018-01-29 19:42:42,905 - __main__ - INFO - Email Logging 1
2018-01-29 19:50:34,447 - __main__ - INFO - Program Started
2018-01-29 19:50:34,507 - __main__ - INFO - Email Logging 1
2018-01-29 19:59:11,529 - __main__ - WARNING - Admin Primary Password Wrong - 117.199.5.204
2018-01-29 19:59:11,538 - __main__ - INFO - Program Started
2018-01-29 19:59:11,538 - __main__ - INFO - Program Started
2018-01-29 19:59:11,538 - __main__ - INFO - Email Logging 1
2018-01-29 19:59:11,538 - __main__ - INFO - Email Logging 1
2018-01-29 20:03:37,265 - __main__ - INFO - Program Started
2018-01-29 20:03:37,323 - __main__ - INFO - Email Logging 1
2018-01-29 20:06:03,473 - __main__ - INFO - Program Started
2018-01-29 20:06:03,473 - __main__ - INFO - Program Started
2018-01-29 20:06:03,473 - __main__ - INFO - Email Logging 1
2018-01-29 20:06:03,473 - __main__ - INFO - Email Logging 1
2018-01-29 20:06:15,772 - __main__ - INFO - Email Logging 1
2018-01-29 20:06:15,772 - __main__ - INFO - Email Logging 1
2018-01-29 21:57:12,523 - __main__ - INFO - Program Started
2018-01-29 21:57:12,586 - __main__ - INFO - Email Logging 1
2018-01-29 21:57:39,000 - __main__ - INFO - Program Started
2018-01-29 21:57:39,000 - __main__ - INFO - Program Started
2018-01-29 21:57:39,000 - __main__ - INFO - Email Logging 1
2018-01-29 21:57:39,000 - __main__ - INFO - Email Logging 1
2018-01-29 21:58:19,051 - __main__ - WARNING - Admin Primary Password Wrong - 61.3.184.177
2018-01-29 21:58:19,051 - __main__ - WARNING - Admin Primary Password Wrong - 61.3.184.177
2018-01-29 21:58:19,061 - __main__ - INFO - Program Started
2018-01-29 21:58:19,061 - __main__ - INFO - Program Started
2018-01-29 21:58:19,061 - __main__ - INFO - Program Started
2018-01-29 21:58:19,061 - __main__ - INFO - Email Logging 1
2018-01-29 21:58:19,061 - __main__ - INFO - Email Logging 1
2018-01-29 21:58:19,061 - __main__ - INFO - Email Logging 1
2018-01-29 21:59:29,641 - __main__ - INFO - Email Logging 1
2018-01-29 21:59:29,641 - __main__ - INFO - Email Logging 1
2018-01-29 21:59:29,641 - __main__ - INFO - Email Logging 1
2018-01-29 21:59:39,365 - __main__ - INFO - Program Started
2018-01-29 21:59:39,430 - __main__ - INFO - Email Logging 1
2018-01-29 21:59:53,760 - __main__ - WARNING - Admin Primary Password Wrong - 61.3.184.177
2018-01-29 21:59:53,778 - __main__ - INFO - Program Started
2018-01-29 21:59:53,778 - __main__ - INFO - Program Started
2018-01-29 21:59:53,778 - __main__ - INFO - Email Logging 1
2018-01-29 21:59:53,778 - __main__ - INFO - Email Logging 1
2018-01-29 22:00:04,144 - __main__ - INFO - Email Logging 1
2018-01-29 22:00:04,144 - __main__ - INFO - Email Logging 1
2018-01-30 13:46:47,609 - __main__ - INFO - Program Started
2018-01-30 13:46:47,759 - __main__ - INFO - Email Logging 1
2018-01-30 13:46:47,762 - __main__ - WARNING - Email Logging 1 Terminated
2018-01-30 13:46:47,762 - __main__ - INFO - Email Logging 2
2018-01-30 13:50:52,296 - __main__ - INFO - Program Started
2018-01-30 13:50:52,395 - __main__ - INFO - Email Logging 1
2018-01-30 13:51:11,186 - __main__ - INFO - New Account
2018-01-30 13:53:37,920 - __main__ - INFO - Program Started
2018-01-30 13:53:37,920 - __main__ - INFO - Program Started
2018-01-30 13:53:37,920 - __main__ - INFO - Email Logging 1
2018-01-30 13:53:37,920 - __main__ - INFO - Email Logging 1
2018-01-30 13:53:50,463 - __main__ - INFO - Login
2018-01-30 13:53:50,463 - __main__ - INFO - Login
2018-01-30 13:53:57,219 - __main__ - INFO - Login Successful rs4rs4
2018-01-30 13:53:57,219 - __main__ - INFO - Login Successful rs4rs4
2018-01-30 13:54:52,651 - __main__ - INFO - Program Started
2018-01-30 13:54:52,651 - __main__ - INFO - Program Started
2018-01-30 13:54:52,651 - __main__ - INFO - Program Started
2018-01-30 13:54:52,653 - __main__ - INFO - Email Logging 1
2018-01-30 13:54:52,653 - __main__ - INFO - Email Logging 1
2018-01-30 13:54:52,653 - __main__ - INFO - Email Logging 1
2018-01-30 13:55:20,056 - __main__ - INFO - Program Started
2018-01-30 13:55:20,056 - __main__ - INFO - Program Started
2018-01-30 13:55:20,056 - __main__ - INFO - Program Started
2018-01-30 13:55:20,056 - __main__ - INFO - Program Started
2018-01-30 13:55:20,058 - __main__ - INFO - Email Logging 1
2018-01-30 13:55:20,058 - __main__ - INFO - Email Logging 1
2018-01-30 13:55:20,058 - __main__ - INFO - Email Logging 1
2018-01-30 13:55:20,058 - __main__ - INFO - Email Logging 1
2018-01-30 20:46:51,657 - __main__ - INFO - Program Started
2018-01-30 20:46:51,657 - __main__ - INFO - Program Started
2018-01-30 20:46:51,657 - __main__ - INFO - Program Started
2018-01-30 20:46:51,657 - __main__ - INFO - Program Started
2018-01-30 20:46:51,657 - __main__ - INFO - Program Started
2018-01-30 20:46:51,657 - __main__ - INFO - Email Logging 1
2018-01-30 20:46:51,657 - __main__ - INFO - Email Logging 1
2018-01-30 20:46:51,657 - __main__ - INFO - Email Logging 1
2018-01-30 20:46:51,657 - __main__ - INFO - Email Logging 1
2018-01-30 20:46:51,657 - __main__ - INFO - Email Logging 1
2018-01-30 20:47:04,240 - __main__ - INFO - Email Logging 1
2018-01-30 20:47:04,240 - __main__ - INFO - Email Logging 1
2018-01-30 20:47:04,240 - __main__ - INFO - Email Logging 1
2018-01-30 20:47:04,240 - __main__ - INFO - Email Logging 1
2018-01-30 20:47:04,240 - __main__ - INFO - Email Logging 1
2018-05-26 16:39:02,996 - __main__ - INFO - Program Started
2018-05-26 16:39:07,469 - __main__ - INFO - Email Logging 1
2018-05-26 16:41:14,936 - __main__ - INFO - Program Started
2018-05-26 16:41:15,005 - __main__ - INFO - Email Logging 1
2018-05-26 16:41:57,803 - __main__ - INFO - Program Started
2018-05-26 16:41:57,803 - __main__ - INFO - Program Started
2018-05-26 16:41:57,803 - __main__ - INFO - Email Logging 1
2018-05-26 16:41:57,803 - __main__ - INFO - Email Logging 1
2018-05-26 16:42:14,428 - __main__ - INFO - Login
2018-05-26 16:42:14,428 - __main__ - INFO - Login
2018-05-26 16:42:31,322 - __main__ - INFO - Login Successful rahulsunil2
2018-05-26 16:42:31,322 - __main__ - INFO - Login Successful rahulsunil2
2018-05-26 16:43:47,490 - __main__ - INFO - Program Started
2018-05-26 16:43:47,490 - __main__ - INFO - Program Started
2018-05-26 16:43:47,490 - __main__ - INFO - Program Started
2018-05-26 16:43:47,490 - __main__ - INFO - Email Logging 1
2018-05-26 16:43:47,490 - __main__ - INFO - Email Logging 1
2018-05-26 16:43:47,490 - __main__ - INFO - Email Logging 1
2018-05-26 16:43:59,025 - __main__ - INFO - Program Started
2018-05-26 16:43:59,025 - __main__ - INFO - Program Started
2018-05-26 16:43:59,025 - __main__ - INFO - Program Started
2018-05-26 16:43:59,025 - __main__ - INFO - Program Started
2018-05-26 16:43:59,025 - __main__ - INFO - Email Logging 1
2018-05-26 16:43:59,025 - __main__ - INFO - Email Logging 1
2018-05-26 16:43:59,025 - __main__ - INFO - Email Logging 1
2018-05-26 16:43:59,025 - __main__ - INFO - Email Logging 1
2018-05-26 16:44:09,405 - __main__ - INFO - Program Started
2018-05-26 16:44:09,405 - __main__ - INFO - Program Started
2018-05-26 16:44:09,405 - __main__ - INFO - Program Started
2018-05-26 16:44:09,405 - __main__ - INFO - Program Started
2018-05-26 16:44:09,405 - __main__ - INFO - Program Started
2018-05-26 16:44:09,407 - __main__ - INFO - Email Logging 1
2018-05-26 16:44:09,407 - __main__ - INFO - Email Logging 1
2018-05-26 16:44:09,407 - __main__ - INFO - Email Logging 1
2018-05-26 16:44:09,407 - __main__ - INFO - Email Logging 1
2018-05-26 16:44:09,407 - __main__ - INFO - Email Logging 1
2018-05-26 22:11:50,250 - __main__ - INFO - Email Logging 1
2018-05-26 22:11:50,250 - __main__ - INFO - Email Logging 1
2018-05-26 22:11:50,250 - __main__ - INFO - Email Logging 1
2018-05-26 22:11:50,250 - __main__ - INFO - Email Logging 1
2018-05-26 22:11:50,250 - __main__ - INFO - Email Logging 1
2019-04-20 17:37:10,140 - __main__ - INFO - Program Started
2019-04-20 17:37:10,171 - __main__ - INFO - Email Logging 1
2019-04-20 17:37:33,458 - __main__ - INFO - New Account
2019-04-20 17:37:44,754 - __main__ - INFO - Program Started
2019-04-20 17:37:44,764 - __main__ - INFO - Email Logging 1
2019-04-20 17:38:03,888 - __main__ - INFO - Login
2019-04-20 17:38:12,396 - __main__ - INFO - Login Successful rahulsunil2
2019-04-20 17:38:50,845 - __main__ - INFO - Program Started
2019-04-20 17:38:50,845 - __main__ - INFO - Program Started
2019-04-20 17:38:50,847 - __main__ - INFO - Email Logging 1
2019-04-20 17:38:50,847 - __main__ - INFO - Email Logging 1
2019-04-20 17:39:05,380 - __main__ - INFO - Email Logging 1
2019-04-20 17:39:05,380 - __main__ - INFO - Email Logging 1
